Build started 18/01/2015 19:47:23.
     1>Project "G:\Year 2\Programming for Graphics and Games\PGG_SDL_Assignment1\PGG Assignment 1\PGG Assignment 1.vcxproj" on node 2 (Build target(s)).
     1>ClCompile:
         C:\Program Files (x86)\Microsoft Visual Studio 12.0\VC\bin\CL.exe /c /I"..\SDKs\SDL\SDL2-devel-2.0.3-VC\SDL2-2.0.3\include" /I"..\SDKs\SDL\SDL2_image-2.0.0\include" /ZI /nologo /W3 /WX- /sdl /Od /Oy- /D WIN32 /D _DEBUG /D _CONSOLE /D _LIB /D _UNICODE /D UNICODE /Gm /EHsc /RTC1 /MDd /GS /fp:precise /Zc:wchar_t /Zc:forScope /Fo"Debug\\" /Fd"Debug\vc120.pdb" /Gd /TP /analyze- /errorReport:prompt main.cpp
         main.cpp
     1>g:\year 2\programming for graphics and games\pgg_sdl_assignment1\pgg assignment 1\main.cpp(100): warning C4244: 'argument' : conversion from 'int' to 'float', possible loss of data
     1>g:\year 2\programming for graphics and games\pgg_sdl_assignment1\pgg assignment 1\main.cpp(101): warning C4244: 'argument' : conversion from 'int' to 'float', possible loss of data
     1>g:\year 2\programming for graphics and games\pgg_sdl_assignment1\pgg assignment 1\main.cpp(104): warning C4244: 'argument' : conversion from 'int' to 'float', possible loss of data
     1>g:\year 2\programming for graphics and games\pgg_sdl_assignment1\pgg assignment 1\main.cpp(105): warning C4244: 'argument' : conversion from 'int' to 'float', possible loss of data
     1>g:\year 2\programming for graphics and games\pgg_sdl_assignment1\pgg assignment 1\main.cpp(132): warning C4244: 'argument' : conversion from 'float' to 'int', possible loss of data
     1>g:\year 2\programming for graphics and games\pgg_sdl_assignment1\pgg assignment 1\main.cpp(133): warning C4244: 'argument' : conversion from 'float' to 'int', possible loss of data
     1>g:\year 2\programming for graphics and games\pgg_sdl_assignment1\pgg assignment 1\main.cpp(134): warning C4244: 'argument' : conversion from 'float' to 'int', possible loss of data
     1>g:\year 2\programming for graphics and games\pgg_sdl_assignment1\pgg assignment 1\main.cpp(135): warning C4244: 'argument' : conversion from 'float' to 'int', possible loss of data
     1>g:\year 2\programming for graphics and games\pgg_sdl_assignment1\pgg assignment 1\main.cpp(198): warning C4244: 'argument' : conversion from 'int' to 'float', possible loss of data
     1>g:\year 2\programming for graphics and games\pgg_sdl_assignment1\pgg assignment 1\main.cpp(199): warning C4244: 'argument' : conversion from 'int' to 'float', possible loss of data
     1>g:\year 2\programming for graphics and games\pgg_sdl_assignment1\pgg assignment 1\main.cpp(200): warning C4244: 'argument' : conversion from 'float' to 'int', possible loss of data
     1>g:\year 2\programming for graphics and games\pgg_sdl_assignment1\pgg assignment 1\main.cpp(315): warning C4244: 'argument' : conversion from 'float' to 'int', possible loss of data
     1>g:\year 2\programming for graphics and games\pgg_sdl_assignment1\pgg assignment 1\main.cpp(315): warning C4244: 'argument' : conversion from 'double' to 'int', possible loss of data
     1>g:\year 2\programming for graphics and games\pgg_sdl_assignment1\pgg assignment 1\main.cpp(331): warning C4244: 'argument' : conversion from 'float' to 'int', possible loss of data
     1>g:\year 2\programming for graphics and games\pgg_sdl_assignment1\pgg assignment 1\main.cpp(352): warning C4244: 'argument' : conversion from 'float' to 'int', possible loss of data
     1>g:\year 2\programming for graphics and games\pgg_sdl_assignment1\pgg assignment 1\main.cpp(369): warning C4244: 'argument' : conversion from 'int' to 'float', possible loss of data
     1>g:\year 2\programming for graphics and games\pgg_sdl_assignment1\pgg assignment 1\main.cpp(370): warning C4244: 'argument' : conversion from 'int' to 'float', possible loss of data
     1>g:\year 2\programming for graphics and games\pgg_sdl_assignment1\pgg assignment 1\main.cpp(376): warning C4244: 'initializing' : conversion from 'float' to 'int', possible loss of data
     1>g:\year 2\programming for graphics and games\pgg_sdl_assignment1\pgg assignment 1\main.cpp(493): warning C4244: 'argument' : conversion from 'float' to 'int', possible loss of data
     1>g:\year 2\programming for graphics and games\pgg_sdl_assignment1\pgg assignment 1\main.cpp(499): warning C4244: 'argument' : conversion from 'float' to 'int', possible loss of data
     1>g:\year 2\programming for graphics and games\pgg_sdl_assignment1\pgg assignment 1\main.cpp(505): warning C4244: 'argument' : conversion from 'float' to 'int', possible loss of data
     1>g:\year 2\programming for graphics and games\pgg_sdl_assignment1\pgg assignment 1\main.cpp(520): warning C4244: 'argument' : conversion from 'float' to 'int', possible loss of data
     1>g:\year 2\programming for graphics and games\pgg_sdl_assignment1\pgg assignment 1\main.cpp(526): warning C4244: 'argument' : conversion from 'float' to 'int', possible loss of data
     1>g:\year 2\programming for graphics and games\pgg_sdl_assignment1\pgg assignment 1\main.cpp(531): warning C4244: 'argument' : conversion from 'float' to 'int', possible loss of data
     1>g:\year 2\programming for graphics and games\pgg_sdl_assignment1\pgg assignment 1\main.cpp(547): warning C4244: 'argument' : conversion from 'float' to 'int', possible loss of data
     1>g:\year 2\programming for graphics and games\pgg_sdl_assignment1\pgg assignment 1\main.cpp(553): warning C4244: 'argument' : conversion from 'float' to 'int', possible loss of data
     1>g:\year 2\programming for graphics and games\pgg_sdl_assignment1\pgg assignment 1\main.cpp(560): warning C4244: 'argument' : conversion from 'float' to 'int', possible loss of data
     1>g:\year 2\programming for graphics and games\pgg_sdl_assignment1\pgg assignment 1\main.cpp(575): warning C4244: 'argument' : conversion from 'float' to 'int', possible loss of data
     1>g:\year 2\programming for graphics and games\pgg_sdl_assignment1\pgg assignment 1\main.cpp(581): warning C4244: 'argument' : conversion from 'float' to 'int', possible loss of data
     1>g:\year 2\programming for graphics and games\pgg_sdl_assignment1\pgg assignment 1\main.cpp(586): warning C4244: 'argument' : conversion from 'float' to 'int', possible loss of data
     1>g:\year 2\programming for graphics and games\pgg_sdl_assignment1\pgg assignment 1\main.cpp(603): warning C4244: 'argument' : conversion from 'float' to 'int', possible loss of data
     1>g:\year 2\programming for graphics and games\pgg_sdl_assignment1\pgg assignment 1\main.cpp(609): warning C4244: 'argument' : conversion from 'float' to 'int', possible loss of data
     1>g:\year 2\programming for graphics and games\pgg_sdl_assignment1\pgg assignment 1\main.cpp(615): warning C4244: 'argument' : conversion from 'float' to 'int', possible loss of data
     1>g:\year 2\programming for graphics and games\pgg_sdl_assignment1\pgg assignment 1\main.cpp(630): warning C4244: 'argument' : conversion from 'float' to 'int', possible loss of data
     1>g:\year 2\programming for graphics and games\pgg_sdl_assignment1\pgg assignment 1\main.cpp(636): warning C4244: 'argument' : conversion from 'float' to 'int', possible loss of data
     1>g:\year 2\programming for graphics and games\pgg_sdl_assignment1\pgg assignment 1\main.cpp(641): warning C4244: 'argument' : conversion from 'float' to 'int', possible loss of data
     1>g:\year 2\programming for graphics and games\pgg_sdl_assignment1\pgg assignment 1\main.cpp(658): warning C4244: 'argument' : conversion from 'float' to 'int', possible loss of data
     1>g:\year 2\programming for graphics and games\pgg_sdl_assignment1\pgg assignment 1\main.cpp(664): warning C4244: 'argument' : conversion from 'float' to 'int', possible loss of data
     1>g:\year 2\programming for graphics and games\pgg_sdl_assignment1\pgg assignment 1\main.cpp(670): warning C4244: 'argument' : conversion from 'float' to 'int', possible loss of data
     1>g:\year 2\programming for graphics and games\pgg_sdl_assignment1\pgg assignment 1\main.cpp(686): warning C4244: 'argument' : conversion from 'float' to 'int', possible loss of data
     1>g:\year 2\programming for graphics and games\pgg_sdl_assignment1\pgg assignment 1\main.cpp(692): warning C4244: 'argument' : conversion from 'float' to 'int', possible loss of data
     1>g:\year 2\programming for graphics and games\pgg_sdl_assignment1\pgg assignment 1\main.cpp(697): warning C4244: 'argument' : conversion from 'float' to 'int', possible loss of data
     1>g:\year 2\programming for graphics and games\pgg_sdl_assignment1\pgg assignment 1\main.cpp(704): warning C4244: 'argument' : conversion from 'int' to 'float', possible loss of data
     1>g:\year 2\programming for graphics and games\pgg_sdl_assignment1\pgg assignment 1\main.cpp(712): warning C4244: 'argument' : conversion from 'int' to 'float', possible loss of data
     1>g:\year 2\programming for graphics and games\pgg_sdl_assignment1\pgg assignment 1\main.cpp(721): warning C4244: 'argument' : conversion from 'float' to 'int', possible loss of data
     1>g:\year 2\programming for graphics and games\pgg_sdl_assignment1\pgg assignment 1\main.cpp(737): warning C4244: 'argument' : conversion from 'float' to 'int', possible loss of data
     1>g:\year 2\programming for graphics and games\pgg_sdl_assignment1\pgg assignment 1\main.cpp(822): warning C4244: 'argument' : conversion from 'float' to 'int', possible loss of data
     1>g:\year 2\programming for graphics and games\pgg_sdl_assignment1\pgg assignment 1\main.cpp(837): warning C4244: 'argument' : conversion from 'float' to 'int', possible loss of data
     1>g:\year 2\programming for graphics and games\pgg_sdl_assignment1\pgg assignment 1\main.cpp(850): warning C4244: 'argument' : conversion from 'float' to 'int', possible loss of data
     1>g:\year 2\programming for graphics and games\pgg_sdl_assignment1\pgg assignment 1\main.cpp(866): warning C4244: 'argument' : conversion from 'float' to 'int', possible loss of data
     1>g:\year 2\programming for graphics and games\pgg_sdl_assignment1\pgg assignment 1\main.cpp(881): warning C4244: 'argument' : conversion from 'float' to 'int', possible loss of data
     1>g:\year 2\programming for graphics and games\pgg_sdl_assignment1\pgg assignment 1\main.cpp(896): warning C4244: 'argument' : conversion from 'float' to 'int', possible loss of data
     1>g:\year 2\programming for graphics and games\pgg_sdl_assignment1\pgg assignment 1\main.cpp(911): warning C4244: 'argument' : conversion from 'float' to 'int', possible loss of data
     1>g:\year 2\programming for graphics and games\pgg_sdl_assignment1\pgg assignment 1\main.cpp(926): warning C4244: 'argument' : conversion from 'float' to 'int', possible loss of data
     1>g:\year 2\programming for graphics and games\pgg_sdl_assignment1\pgg assignment 1\main.cpp(964): warning C4244: 'argument' : conversion from 'float' to 'int', possible loss of data
     1>g:\year 2\programming for graphics and games\pgg_sdl_assignment1\pgg assignment 1\main.cpp(967): warning C4244: 'argument' : conversion from 'float' to 'int', possible loss of data
     1>g:\year 2\programming for graphics and games\pgg_sdl_assignment1\pgg assignment 1\main.cpp(970): warning C4244: 'argument' : conversion from 'float' to 'int', possible loss of data
     1>g:\year 2\programming for graphics and games\pgg_sdl_assignment1\pgg assignment 1\main.cpp(974): warning C4244: 'argument' : conversion from 'float' to 'int', possible loss of data
     1>g:\year 2\programming for graphics and games\pgg_sdl_assignment1\pgg assignment 1\main.cpp(978): warning C4244: 'argument' : conversion from 'float' to 'int', possible loss of data
       Link:
         C:\Program Files (x86)\Microsoft Visual Studio 12.0\VC\bin\link.exe /ERRORREPORT:PROMPT /OUT:"G:\Year 2\Programming for Graphics and Games\PGG_SDL_Assignment1\Debug\PGG Assignment 1.exe" /INCREMENTAL /NOLOGO /LIBPATH:"..\SDKs\SDL\SDL2-devel-2.0.3-VC\SDL2-2.0.3\lib\x86" /LIBPATH:"..\SDKs\SDL\SDL2_image-2.0.0\lib\x86" SDL2.lib SDL2main.lib SDL2_image.lib kernel32.lib user32.lib gdi32.lib winspool.lib comdlg32.lib advapi32.lib shell32.lib ole32.lib oleaut32.lib uuid.lib odbc32.lib odbccp32.lib /MANIFEST /MANIFESTUAC:"level='asInvoker' uiAccess='false'" /manifest:embed /DEBUG /PDB:"G:\Year 2\Programming for Graphics and Games\PGG_SDL_Assignment1\Debug\PGG Assignment 1.pdb" /SUBSYSTEM:CONSOLE /TLBID:1 /DYNAMICBASE /NXCOMPAT /IMPLIB:"G:\Year 2\Programming for Graphics and Games\PGG_SDL_Assignment1\Debug\PGG Assignment 1.lib" /MACHINE:X86 Debug\InputManager.obj
         Debug\main.obj
         Debug\map.obj
         Debug\menu.obj
         Debug\player.obj
         Debug\vec2D.obj
         PGG Assignment 1.vcxproj -> G:\Year 2\Programming for Graphics and Games\PGG_SDL_Assignment1\Debug\PGG Assignment 1.exe
     1>Done Building Project "G:\Year 2\Programming for Graphics and Games\PGG_SDL_Assignment1\PGG Assignment 1\PGG Assignment 1.vcxproj" (Build target(s)).

Build succeeded.

Time Elapsed 00:00:00.75
